{"level":"info","time":"2022-01-16T22:17:40Z","message":"Thank you for trying Cloudflare Tunnel. Doing so, without a Cloudflare account, is a quick way to experiment and try it out. However, be aware that these account-less Tunnels have no uptime guarantee. If you intend to use Tunnels in production you should use a pre-created named tunnel by following: https://developers.cloudflare.com/cloudflare-one/connections/connect-apps"}
{"level":"info","time":"2022-01-16T22:17:40Z","message":"Requesting new quick Tunnel on trycloudflare.com..."}
{"level":"info","time":"2022-01-16T22:17:42Z","message":"+--------------------------------------------------------------------------------------------+"}
{"level":"info","time":"2022-01-16T22:17:42Z","message":"|  Your quick Tunnel has been created! Visit it at (it may take some time to be reachable):  |"}
{"level":"info","time":"2022-01-16T22:17:42Z","message":"|  https://assignments-mph-ww-tested.trycloudflare.com                                       |"}
{"level":"info","time":"2022-01-16T22:17:42Z","message":"+--------------------------------------------------------------------------------------------+"}
{"level":"info","time":"2022-01-16T22:17:42Z","message":"Cannot determine default configuration path. No file [config.yml config.yaml] in [~/.cloudflared ~/.cloudflare-warp ~/cloudflare-warp /etc/cloudflared /usr/local/etc/cloudflared]"}
{"level":"info","time":"2022-01-16T22:17:42Z","message":"Version 2022.1.2"}
{"level":"info","time":"2022-01-16T22:17:42Z","message":"GOOS: linux, GOVersion: go1.17.5, GoArch: amd64"}
{"level":"info","time":"2022-01-16T22:17:42Z","message":"Settings: map[logfile:./cloudflared.log metrics:localhost:45678 protocol:quic url:ssh://localhost:22]"}
{"level":"info","time":"2022-01-16T22:17:42Z","message":"Generated Connector ID: 5be1d66d-224c-4c51-96da-ea38262eb03b"}
{"level":"info","autoupdateFreq":86400000,"time":"2022-01-16T22:17:42Z","message":"Autoupdate frequency is set"}
{"level":"info","time":"2022-01-16T22:17:42Z","message":"Initial protocol quic"}
{"level":"info","time":"2022-01-16T22:17:42Z","message":"Starting metrics server on 127.0.0.1:45678/metrics"}
{"level":"error","connIndex":0,"error":"Unauthorized: Record for tunnel not found","time":"2022-01-16T22:17:42Z","message":"Failed to serve quic connection"}
{"level":"error","connIndex":0,"error":"Unauthorized: Record for tunnel not found","time":"2022-01-16T22:17:42Z","message":"Register tunnel error from server side"}
{"level":"info","connIndex":0,"time":"2022-01-16T22:17:43Z","message":"Retrying connection in up to 2s seconds"}
{"level":"error","connIndex":0,"error":"Unauthorized: Record for tunnel not found","time":"2022-01-16T22:17:44Z","message":"Failed to serve quic connection"}
{"level":"error","connIndex":0,"error":"Unauthorized: Record for tunnel not found","time":"2022-01-16T22:17:44Z","message":"Register tunnel error from server side"}
{"level":"info","connIndex":0,"time":"2022-01-16T22:17:44Z","message":"Retrying connection in up to 4s seconds"}
{"level":"info","connIndex":0,"location":"SJC","time":"2022-01-16T22:17:45Z","message":"Connection 4f827d20-0ded-4985-a9cd-d00d61ca89da registered"}
{"level":"info","connIndex":1,"location":"LAX","time":"2022-01-16T22:17:45Z","message":"Connection d4fd79a1-30ea-4501-be53-b7a670c429c5 registered"}
{"level":"info","connIndex":2,"location":"SJC","time":"2022-01-16T22:17:46Z","message":"Connection caaa83a8-0472-47f2-9970-a1415b89c6f7 registered"}
{"level":"info","connIndex":3,"location":"LAX","time":"2022-01-16T22:17:47Z","message":"Connection 9b8cb9e8-4f76-4069-b4f8-d084697e646d registered"}
